<?xml version="1.0" encoding="UTF-8"?>
<!-- Generated by org.testng.reporters.JUnitReportReporter -->
<testsuite skipped="0" hostname="Auznali.internet.sony.tv" name="TestsSignUpPage.RequiredFields" tests="9" failures="0" timestamp="20 Mar 2018 20:00:30 GMT" time="1.071" errors="0">
  <testcase name="firstNameEmpty" time="0.113" classname="TestsSignUpPage.RequiredFields"/>
  <testcase name="birthMonthEmpty" time="0.131" classname="TestsSignUpPage.RequiredFields"/>
  <testcase name="genderEmpty" time="0.125" classname="TestsSignUpPage.RequiredFields"/>
  <testcase name="passEmpty" time="0.134" classname="TestsSignUpPage.RequiredFields"/>
  <testcase name="eMailEmpty" time="0.128" classname="TestsSignUpPage.RequiredFields"/>
  <testcase name="birthYearEmpty" time="0.091" classname="TestsSignUpPage.RequiredFields"/>
  <testcase name="lastNameEmpty" time="0.105" classname="TestsSignUpPage.RequiredFields"/>
  <testcase name="birthDayEmpty" time="0.136" classname="TestsSignUpPage.RequiredFields"/>
  <testcase name="passAgainEmpty" time="0.108" classname="TestsSignUpPage.RequiredFields"/>
</testsuite> <!-- TestsSignUpPage.RequiredFields -->
