<?xml version="1.0" encoding="UTF-8"?>
<!-- Generated by org.testng.reporters.JUnitReportReporter -->
<testsuite skipped="0" hostname="Auznali.internet.sony.tv" name="TestsSignUpPage.RequiredFields" tests="9" failures="0" timestamp="21 Mar 2018 19:13:10 GMT" time="1.751" errors="0">
  <testcase name="eMailEmpty" time="0.267" classname="TestsSignUpPage.RequiredFields"/>
  <testcase name="birthMonthEmpty" time="0.153" classname="TestsSignUpPage.RequiredFields"/>
  <testcase name="passEmpty" time="0.221" classname="TestsSignUpPage.RequiredFields"/>
  <testcase name="birthDayEmpty" time="0.144" classname="TestsSignUpPage.RequiredFields"/>
  <testcase name="firstNameEmpty" time="0.331" classname="TestsSignUpPage.RequiredFields"/>
  <testcase name="genderEmpty" time="0.180" classname="TestsSignUpPage.RequiredFields"/>
  <testcase name="passAgainEmpty" time="0.172" classname="TestsSignUpPage.RequiredFields"/>
  <testcase name="lastNameEmpty" time="0.157" classname="TestsSignUpPage.RequiredFields"/>
  <testcase name="birthYearEmpty" time="0.126" classname="TestsSignUpPage.RequiredFields"/>
</testsuite> <!-- TestsSignUpPage.RequiredFields -->
