<?xml version="1.0" encoding="UTF-8"?>
<!-- Generated by org.testng.reporters.JUnitReportReporter -->
<testsuite skipped="0" hostname="Auznali-2.local" name="TestsSignUpPage.RequiredFields" tests="9" failures="0" timestamp="17 Mar 2018 23:56:54 GMT" time="1.190" errors="0">
  <testcase name="birthMonthEmpty" time="0.127" classname="TestsSignUpPage.RequiredFields"/>
  <testcase name="firstNameEmpty" time="0.140" classname="TestsSignUpPage.RequiredFields"/>
  <testcase name="birthYearEmpty" time="0.108" classname="TestsSignUpPage.RequiredFields"/>
  <testcase name="passEmpty" time="0.095" classname="TestsSignUpPage.RequiredFields"/>
  <testcase name="passAgainEmpty" time="0.104" classname="TestsSignUpPage.RequiredFields"/>
  <testcase name="birthDayEmpty" time="0.125" classname="TestsSignUpPage.RequiredFields"/>
  <testcase name="eMailEmpty" time="0.236" classname="TestsSignUpPage.RequiredFields"/>
  <testcase name="genderEmpty" time="0.137" classname="TestsSignUpPage.RequiredFields"/>
  <testcase name="lastNameEmpty" time="0.118" classname="TestsSignUpPage.RequiredFields"/>
</testsuite> <!-- TestsSignUpPage.RequiredFields -->
