<?xml version="1.0" encoding="UTF-8"?>
<!-- Generated by org.testng.reporters.JUnitReportReporter -->
<testsuite hostname="Auznali-2.local" name="TestsSignUpPage.EmailVerification" tests="2" failures="0" timestamp="25 Mar 2018 17:11:20 GMT" time="1.598" errors="0">
  <testcase name="correctUname" time="0.885" classname="TestsSignUpPage.EmailVerification"/>
  <testcase name="dotUname" time="0.713" classname="TestsSignUpPage.EmailVerification"/>
</testsuite> <!-- TestsSignUpPage.EmailVerification -->
