<?xml version="1.0" encoding="UTF-8"?>
<!-- Generated by org.testng.reporters.JUnitReportReporter -->
<testsuite hostname="Auznali.internet.sony.tv" name="TestsSignUpPage.RequiredFields" tests="9" failures="0" timestamp="27 Mar 2018 19:03:38 GMT" time="1.019" errors="0">
  <testcase name="lastNameEmpty" time="0.095" classname="TestsSignUpPage.RequiredFields"/>
  <testcase name="birthYearEmpty" time="0.097" classname="TestsSignUpPage.RequiredFields"/>
  <testcase name="passAgainEmpty" time="0.093" classname="TestsSignUpPage.RequiredFields"/>
  <testcase name="birthDayEmpty" time="0.149" classname="TestsSignUpPage.RequiredFields"/>
  <testcase name="firstNameEmpty" time="0.110" classname="TestsSignUpPage.RequiredFields"/>
  <testcase name="genderEmpty" time="0.102" classname="TestsSignUpPage.RequiredFields"/>
  <testcase name="passEmpty" time="0.096" classname="TestsSignUpPage.RequiredFields"/>
  <testcase name="eMailEmpty" time="0.140" classname="TestsSignUpPage.RequiredFields"/>
  <testcase name="birthMonthEmpty" time="0.137" classname="TestsSignUpPage.RequiredFields"/>
</testsuite> <!-- TestsSignUpPage.RequiredFields -->
