<?xml version="1.0" encoding="UTF-8"?>
<!-- Generated by org.testng.reporters.JUnitReportReporter -->
<testsuite skipped="0" hostname="Auznali-2.local" name="TestsSignUpPage.RequiredFields" tests="9" failures="0" timestamp="18 Mar 2018 01:06:30 GMT" time="1.054" errors="0">
  <testcase name="birthYearEmpty" time="0.101" classname="TestsSignUpPage.RequiredFields"/>
  <testcase name="genderEmpty" time="0.103" classname="TestsSignUpPage.RequiredFields"/>
  <testcase name="eMailEmpty" time="0.130" classname="TestsSignUpPage.RequiredFields"/>
  <testcase name="passEmpty" time="0.107" classname="TestsSignUpPage.RequiredFields"/>
  <testcase name="birthDayEmpty" time="0.167" classname="TestsSignUpPage.RequiredFields"/>
  <testcase name="birthMonthEmpty" time="0.133" classname="TestsSignUpPage.RequiredFields"/>
  <testcase name="firstNameEmpty" time="0.132" classname="TestsSignUpPage.RequiredFields"/>
  <testcase name="lastNameEmpty" time="0.089" classname="TestsSignUpPage.RequiredFields"/>
  <testcase name="passAgainEmpty" time="0.092" classname="TestsSignUpPage.RequiredFields"/>
</testsuite> <!-- TestsSignUpPage.RequiredFields -->
