<?xml version="1.0" encoding="UTF-8"?>
<!-- Generated by org.testng.reporters.JUnitReportReporter -->
<testsuite skipped="0" hostname="Auznali-2.local" name="TestsSignUpPage.RequiredFields" tests="9" failures="0" timestamp="20 Mar 2018 19:21:56 GMT" time="1.444" errors="0">
  <testcase name="genderEmpty" time="0.138" classname="TestsSignUpPage.RequiredFields"/>
  <testcase name="birthDayEmpty" time="0.206" classname="TestsSignUpPage.RequiredFields"/>
  <testcase name="eMailEmpty" time="0.140" classname="TestsSignUpPage.RequiredFields"/>
  <testcase name="passAgainEmpty" time="0.149" classname="TestsSignUpPage.RequiredFields"/>
  <testcase name="birthMonthEmpty" time="0.251" classname="TestsSignUpPage.RequiredFields"/>
  <testcase name="firstNameEmpty" time="0.162" classname="TestsSignUpPage.RequiredFields"/>
  <testcase name="passEmpty" time="0.133" classname="TestsSignUpPage.RequiredFields"/>
  <testcase name="birthYearEmpty" time="0.120" classname="TestsSignUpPage.RequiredFields"/>
  <testcase name="lastNameEmpty" time="0.145" classname="TestsSignUpPage.RequiredFields"/>
</testsuite> <!-- TestsSignUpPage.RequiredFields -->
