<?xml version="1.0" encoding="UTF-8"?>
<!-- Generated by org.testng.reporters.JUnitReportReporter -->
<testsuite skipped="0" hostname="Auznali-2.local" name="TestsSignUpPage.RequiredFields" tests="9" failures="0" timestamp="21 Mar 2018 02:47:07 GMT" time="2.533" errors="0">
  <testcase name="birthYearEmpty" time="0.189" classname="TestsSignUpPage.RequiredFields"/>
  <testcase name="lastNameEmpty" time="0.236" classname="TestsSignUpPage.RequiredFields"/>
  <testcase name="passEmpty" time="0.330" classname="TestsSignUpPage.RequiredFields"/>
  <testcase name="genderEmpty" time="0.268" classname="TestsSignUpPage.RequiredFields"/>
  <testcase name="passAgainEmpty" time="0.272" classname="TestsSignUpPage.RequiredFields"/>
  <testcase name="birthDayEmpty" time="0.316" classname="TestsSignUpPage.RequiredFields"/>
  <testcase name="birthMonthEmpty" time="0.360" classname="TestsSignUpPage.RequiredFields"/>
  <testcase name="firstNameEmpty" time="0.239" classname="TestsSignUpPage.RequiredFields"/>
  <testcase name="eMailEmpty" time="0.323" classname="TestsSignUpPage.RequiredFields"/>
</testsuite> <!-- TestsSignUpPage.RequiredFields -->
