<?xml version="1.0" encoding="UTF-8"?>
<!-- Generated by org.testng.reporters.JUnitReportReporter -->
<testsuite skipped="0" hostname="Auznali-2.local" name="TestsSignUpPage.RequiredFields" tests="9" failures="0" timestamp="20 Mar 2018 19:28:01 GMT" time="1.445" errors="0">
  <testcase name="eMailEmpty" time="0.138" classname="TestsSignUpPage.RequiredFields"/>
  <testcase name="birthDayEmpty" time="0.183" classname="TestsSignUpPage.RequiredFields"/>
  <testcase name="passAgainEmpty" time="0.128" classname="TestsSignUpPage.RequiredFields"/>
  <testcase name="birthYearEmpty" time="0.216" classname="TestsSignUpPage.RequiredFields"/>
  <testcase name="birthMonthEmpty" time="0.210" classname="TestsSignUpPage.RequiredFields"/>
  <testcase name="genderEmpty" time="0.130" classname="TestsSignUpPage.RequiredFields"/>
  <testcase name="passEmpty" time="0.128" classname="TestsSignUpPage.RequiredFields"/>
  <testcase name="lastNameEmpty" time="0.184" classname="TestsSignUpPage.RequiredFields"/>
  <testcase name="firstNameEmpty" time="0.128" classname="TestsSignUpPage.RequiredFields"/>
</testsuite> <!-- TestsSignUpPage.RequiredFields -->
