<?xml version="1.0" encoding="UTF-8"?>
<!-- Generated by org.testng.reporters.JUnitReportReporter -->
<testsuite skipped="0" hostname="Auznali.internet.sony.tv" name="TestsSignUpPage.RequiredFields" tests="9" failures="0" timestamp="20 Mar 2018 20:22:31 GMT" time="1.823" errors="0">
  <testcase name="eMailEmpty" time="0.160" classname="TestsSignUpPage.RequiredFields"/>
  <testcase name="birthDayEmpty" time="0.294" classname="TestsSignUpPage.RequiredFields"/>
  <testcase name="passAgainEmpty" time="0.119" classname="TestsSignUpPage.RequiredFields"/>
  <testcase name="birthYearEmpty" time="0.170" classname="TestsSignUpPage.RequiredFields"/>
  <testcase name="birthMonthEmpty" time="0.235" classname="TestsSignUpPage.RequiredFields"/>
  <testcase name="genderEmpty" time="0.335" classname="TestsSignUpPage.RequiredFields"/>
  <testcase name="passEmpty" time="0.121" classname="TestsSignUpPage.RequiredFields"/>
  <testcase name="lastNameEmpty" time="0.197" classname="TestsSignUpPage.RequiredFields"/>
  <testcase name="firstNameEmpty" time="0.192" classname="TestsSignUpPage.RequiredFields"/>
</testsuite> <!-- TestsSignUpPage.RequiredFields -->
