<?xml version="1.0" encoding="UTF-8"?>
<!-- Generated by org.testng.reporters.JUnitReportReporter -->
<testsuite skipped="0" hostname="Auznali.internet.sony.tv" name="TestsSignUpPage.RequiredFields" tests="9" failures="0" timestamp="20 Mar 2018 20:26:53 GMT" time="1.056" errors="0">
  <testcase name="eMailEmpty" time="0.132" classname="TestsSignUpPage.RequiredFields"/>
  <testcase name="birthDayEmpty" time="0.139" classname="TestsSignUpPage.RequiredFields"/>
  <testcase name="passAgainEmpty" time="0.117" classname="TestsSignUpPage.RequiredFields"/>
  <testcase name="birthYearEmpty" time="0.094" classname="TestsSignUpPage.RequiredFields"/>
  <testcase name="birthMonthEmpty" time="0.130" classname="TestsSignUpPage.RequiredFields"/>
  <testcase name="genderEmpty" time="0.107" classname="TestsSignUpPage.RequiredFields"/>
  <testcase name="passEmpty" time="0.112" classname="TestsSignUpPage.RequiredFields"/>
  <testcase name="lastNameEmpty" time="0.107" classname="TestsSignUpPage.RequiredFields"/>
  <testcase name="firstNameEmpty" time="0.118" classname="TestsSignUpPage.RequiredFields"/>
</testsuite> <!-- TestsSignUpPage.RequiredFields -->
