<?xml version="1.0" encoding="UTF-8"?>
<!-- Generated by org.testng.reporters.JUnitReportReporter -->
<testsuite hostname="Auznali-2.local" name="TestsSignUpPage.RequiredFields" tests="9" failures="0" timestamp="23 Mar 2018 04:23:13 GMT" time="1.890" errors="0">
  <testcase name="birthYearEmpty" time="0.131" classname="TestsSignUpPage.RequiredFields"/>
  <testcase name="lastNameEmpty" time="0.240" classname="TestsSignUpPage.RequiredFields"/>
  <testcase name="passAgainEmpty" time="0.232" classname="TestsSignUpPage.RequiredFields"/>
  <testcase name="birthDayEmpty" time="0.218" classname="TestsSignUpPage.RequiredFields"/>
  <testcase name="firstNameEmpty" time="0.228" classname="TestsSignUpPage.RequiredFields"/>
  <testcase name="genderEmpty" time="0.314" classname="TestsSignUpPage.RequiredFields"/>
  <testcase name="passEmpty" time="0.177" classname="TestsSignUpPage.RequiredFields"/>
  <testcase name="eMailEmpty" time="0.147" classname="TestsSignUpPage.RequiredFields"/>
  <testcase name="birthMonthEmpty" time="0.203" classname="TestsSignUpPage.RequiredFields"/>
</testsuite> <!-- TestsSignUpPage.RequiredFields -->
