<?xml version="1.0" encoding="UTF-8"?>
<!-- Generated by org.testng.reporters.JUnitReportReporter -->
<testsuite skipped="0" hostname="Auznali-2.local" name="TestsSignUpPage1.TestingElemets" tests="1" failures="0" timestamp="17 Mar 2018 17:36:48 GMT" time="0.008" errors="0">
  <testcase name="testingElements" time="0.008" classname="TestsSignUpPage1.TestingElemets"/>
</testsuite> <!-- TestsSignUpPage1.TestingElemets -->
