<?xml version="1.0" encoding="UTF-8"?>
<!-- Generated by org.testng.reporters.JUnitReportReporter -->
<testsuite skipped="0" hostname="Auznali-2.local" name="TestsSignUpPage.RequiredFields" tests="9" failures="0" timestamp="21 Mar 2018 01:28:37 GMT" time="1.041" errors="0">
  <testcase name="firstNameEmpty" time="0.127" classname="TestsSignUpPage.RequiredFields"/>
  <testcase name="birthMonthEmpty" time="0.126" classname="TestsSignUpPage.RequiredFields"/>
  <testcase name="genderEmpty" time="0.120" classname="TestsSignUpPage.RequiredFields"/>
  <testcase name="passEmpty" time="0.092" classname="TestsSignUpPage.RequiredFields"/>
  <testcase name="eMailEmpty" time="0.137" classname="TestsSignUpPage.RequiredFields"/>
  <testcase name="birthYearEmpty" time="0.103" classname="TestsSignUpPage.RequiredFields"/>
  <testcase name="lastNameEmpty" time="0.099" classname="TestsSignUpPage.RequiredFields"/>
  <testcase name="birthDayEmpty" time="0.141" classname="TestsSignUpPage.RequiredFields"/>
  <testcase name="passAgainEmpty" time="0.096" classname="TestsSignUpPage.RequiredFields"/>
</testsuite> <!-- TestsSignUpPage.RequiredFields -->
