<?xml version="1.0" encoding="UTF-8"?>
<!-- Generated by org.testng.reporters.JUnitReportReporter -->
<testsuite hostname="Auznali.internet.sony.tv" name="TestsSignUpPage.EmailVerification" tests="15" failures="0" timestamp="27 Mar 2018 19:03:38 GMT" time="13.166" errors="0">
  <testcase name="underscoreUname" time="0.639" classname="TestsSignUpPage.EmailVerification"/>
  <testcase name="specCharsUname" time="0.720" classname="TestsSignUpPage.EmailVerification"/>
  <testcase name="dotUname" time="0.760" classname="TestsSignUpPage.EmailVerification"/>
  <testcase name="correctUname" time="1.249" classname="TestsSignUpPage.EmailVerification"/>
  <testcase name="lastDotUname" time="0.675" classname="TestsSignUpPage.EmailVerification"/>
  <testcase name="unicodeUname" time="0.638" classname="TestsSignUpPage.EmailVerification"/>
  <testcase name="plusUname" time="0.755" classname="TestsSignUpPage.EmailVerification"/>
  <testcase name="dashUname" time="1.358" classname="TestsSignUpPage.EmailVerification"/>
  <testcase name="digitsUname" time="1.186" classname="TestsSignUpPage.EmailVerification"/>
  <testcase name="twoWordsUname" time="0.717" classname="TestsSignUpPage.EmailVerification"/>
  <testcase name="dotsUname" time="0.712" classname="TestsSignUpPage.EmailVerification"/>
  <testcase name="firstDotUname" time="0.663" classname="TestsSignUpPage.EmailVerification"/>
  <testcase name="capitalUname" time="1.165" classname="TestsSignUpPage.EmailVerification"/>
  <testcase name="ampUname" time="1.268" classname="TestsSignUpPage.EmailVerification"/>
  <testcase name="wSpacesUname" time="0.661" classname="TestsSignUpPage.EmailVerification"/>
</testsuite> <!-- TestsSignUpPage.EmailVerification -->
