<?xml version="1.0" encoding="UTF-8"?>
<!-- Generated by org.testng.reporters.JUnitReportReporter -->
<testsuite hostname="Auznali-2.local" name="TestsSignUpPage.EmailVerification" tests="14" failures="0" timestamp="26 Mar 2018 01:21:48 GMT" time="10.181" errors="0">
  <testcase name="dotUname" time="0.732" classname="TestsSignUpPage.EmailVerification"/>
  <testcase name="wSpacesUname" time="0.698" classname="TestsSignUpPage.EmailVerification"/>
  <testcase name="dotsUname" time="0.757" classname="TestsSignUpPage.EmailVerification"/>
  <testcase name="twoWordsUname" time="0.724" classname="TestsSignUpPage.EmailVerification"/>
  <testcase name="lastDotUname" time="0.656" classname="TestsSignUpPage.EmailVerification"/>
  <testcase name="dashUname" time="1.025" classname="TestsSignUpPage.EmailVerification"/>
  <testcase name="firstDotUname" time="0.693" classname="TestsSignUpPage.EmailVerification"/>
  <testcase name="specCharsUname" time="0.675" classname="TestsSignUpPage.EmailVerification"/>
  <testcase name="digitsUname" time="0.704" classname="TestsSignUpPage.EmailVerification"/>
  <testcase name="correctUname" time="0.686" classname="TestsSignUpPage.EmailVerification"/>
  <testcase name="unicodeUname" time="0.691" classname="TestsSignUpPage.EmailVerification"/>
  <testcase name="capitalUname" time="0.780" classname="TestsSignUpPage.EmailVerification"/>
  <testcase name="underscoreUname" time="0.648" classname="TestsSignUpPage.EmailVerification"/>
  <testcase name="plusUname" time="0.712" classname="TestsSignUpPage.EmailVerification"/>
</testsuite> <!-- TestsSignUpPage.EmailVerification -->
