<?xml version="1.0" encoding="UTF-8"?>
<!-- Generated by org.testng.reporters.JUnitReportReporter -->
<testsuite skipped="0" hostname="Auznali.internet.sony.tv" name="TestsSignUpPage.RequiredFields" tests="9" failures="0" timestamp="21 Mar 2018 16:17:12 GMT" time="2.262" errors="0">
  <testcase name="birthMonthEmpty" time="0.252" classname="TestsSignUpPage.RequiredFields"/>
  <testcase name="genderEmpty" time="0.227" classname="TestsSignUpPage.RequiredFields"/>
  <testcase name="passEmpty" time="0.267" classname="TestsSignUpPage.RequiredFields"/>
  <testcase name="firstNameEmpty" time="0.241" classname="TestsSignUpPage.RequiredFields"/>
  <testcase name="passAgainEmpty" time="0.244" classname="TestsSignUpPage.RequiredFields"/>
  <testcase name="lastNameEmpty" time="0.289" classname="TestsSignUpPage.RequiredFields"/>
  <testcase name="birthDayEmpty" time="0.283" classname="TestsSignUpPage.RequiredFields"/>
  <testcase name="eMailEmpty" time="0.285" classname="TestsSignUpPage.RequiredFields"/>
  <testcase name="birthYearEmpty" time="0.174" classname="TestsSignUpPage.RequiredFields"/>
</testsuite> <!-- TestsSignUpPage.RequiredFields -->
