<?xml version="1.0" encoding="UTF-8"?>
<!-- Generated by org.testng.reporters.JUnitReportReporter -->
<testsuite skipped="0" hostname="Auznali-2.local" name="TestsSignUpPage.NewUserPositive" tests="1" failures="0" timestamp="11 Mar 2018 23:19:46 GMT" time="1.146" errors="0">
  <testcase name="newUserSignUp" time="1.146" classname="TestsSignUpPage.NewUserPositive"/>
</testsuite> <!-- TestsSignUpPage.NewUserPositive -->
